Base path: C:/Program Files/Unity/Editor/Data
Pipe name: \\.\pipe\UnityShaderCompiler-64bit-1-5100
Cmd: getPlatforms
Cmd: preprocess
  insize=1185 outsize=407 ok=1
Cmd: compileSnippet
  api=4 type=0 insize=713 outsize=908 kw= pd= ok=1
Cmd: compileSnippet
  api=4 type=1 insize=713 outsize=518 kw= pd= ok=1
Cmd: compileSnippet
  api=4 type=0 insize=667 outsize=908 kw= pd= ok=1
Cmd: compileSnippet
  api=4 type=1 insize=667 outsize=469 kw= pd= ok=1
Cmd: preprocess
  insize=1601 outsize=192 ok=1
Cmd: compileSnippet
  api=4 type=0 insize=1709 outsize=2265 kw= pd= ok=1
Cmd: compileSnippet
  api=4 type=1 insize=1709 outsize=908 kw= pd= ok=1
Cmd: preprocess
  insize=1159 outsize=381 ok=1
Cmd: compileSnippet
  api=4 type=0 insize=713 outsize=908 kw= pd= ok=1
Cmd: compileSnippet
  api=4 type=1 insize=713 outsize=518 kw= pd= ok=1
Cmd: compileSnippet
  api=4 type=0 insize=667 outsize=908 kw= pd= ok=1
Cmd: compileSnippet
  api=4 type=1 insize=667 outsize=469 kw= pd= ok=1
Cmd: preprocess
  insize=137 outsize=137 ok=1
Cmd: preprocess
  insize=1048 outsize=208 ok=1
Cmd: compileSnippet
  api=4 type=0 insize=1140 outsize=1184 kw= pd= ok=1
Cmd: compileSnippet
  api=4 type=1 insize=1140 outsize=1054 kw= pd= ok=1
Cmd: preprocess
  insize=766 outsize=215 ok=1
Cmd: compileSnippet
  api=4 type=0 insize=851 outsize=1071 kw= pd= ok=1
Cmd: compileSnippet
  api=4 type=1 insize=851 outsize=827 kw= pd= ok=1
Cmd: preprocess
  insize=787 outsize=189 ok=1
Cmd: compileSnippet
  api=4 type=0 insize=897 outsize=1209 kw= pd= ok=1
Cmd: compileSnippet
  api=4 type=1 insize=897 outsize=827 kw= pd= ok=1
Cmd: preprocess
  insize=2405 outsize=2405 ok=1
Cmd: preprocess
  insize=574 outsize=1123 ok=1
Cmd: compileSnippet
  api=4 type=0 insize=6816 outsize=3663 kw=DIRECTIONAL LIGHTMAP_OFF DIRLIGHTMAP_OFF DYNAMICLIGHTMAP_OFF pd= ok=1
Cmd: compileSnippet
  api=4 type=1 insize=6816 outsize=1314 kw=DIRECTIONAL LIGHTMAP_OFF DIRLIGHTMAP_OFF DYNAMICLIGHTMAP_OFF pd= ok=1
Cmd: compileSnippet
  api=4 type=0 insize=3588 outsize=2753 kw=POINT pd= ok=1
Cmd: compileSnippet
  api=4 type=1 insize=3588 outsize=1948 kw=POINT pd= ok=1
Cmd: compileSnippet
  api=4 type=0 insize=3079 outsize=2484 kw= pd= ok=1
Cmd: compileSnippet
  api=4 type=1 insize=3079 outsize=1314 kw= pd= ok=1
Cmd: compileSnippet
  api=4 type=0 insize=3170 outsize=7368 kw=SHADOWS_DEPTH pd= ok=1
Cmd: compileSnippet
  api=4 type=1 insize=3170 outsize=884 kw=SHADOWS_DEPTH pd= ok=1
Cmd: compileSnippet
  api=4 type=0 insize=6954 outsize=9058 kw=DIRECTIONAL SHADOWS_OFF LIGHTMAP_OFF DIRLIGHTMAP_OFF DYNAMICLIGHTMAP_OFF pd= ok=1
Cmd: compileSnippet
  api=4 type=1 insize=6954 outsize=4207 kw=DIRECTIONAL SHADOWS_OFF LIGHTMAP_OFF DIRLIGHTMAP_OFF DYNAMICLIGHTMAP_OFF pd= ok=1
Cmd: compileSnippet
  api=4 type=0 insize=3140 outsize=6425 kw=SHADOWS_DEPTH pd= ok=1
Cmd: compileSnippet
  api=4 type=1 insize=3140 outsize=526 kw=SHADOWS_DEPTH pd= ok=1
Cmd: compileSnippet
  api=4 type=0 insize=7594 outsize=7619 kw=DIRECTIONAL SHADOWS_OFF LIGHTMAP_OFF DIRLIGHTMAP_OFF DYNAMICLIGHTMAP_OFF pd= ok=1
Cmd: compileSnippet
  api=4 type=1 insize=7594 outsize=3419 kw=DIRECTIONAL SHADOWS_OFF LIGHTMAP_OFF DIRLIGHTMAP_OFF DYNAMICLIGHTMAP_OFF pd= ok=1
Cmd: compileSnippet
  api=4 type=0 insize=1097 outsize=7368 kw=SHADOWS_DEPTH pd= ok=1
Cmd: compileSnippet
  api=4 type=1 insize=1097 outsize=884 kw=SHADOWS_DEPTH pd= ok=1
Cmd: compileSnippet
  api=4 type=0 insize=6957 outsize=9058 kw=DIRECTIONAL SHADOWS_OFF LIGHTMAP_OFF DIRLIGHTMAP_OFF DYNAMICLIGHTMAP_OFF pd= ok=1
Cmd: compileSnippet
  api=4 type=1 insize=6957 outsize=4134 kw=DIRECTIONAL SHADOWS_OFF LIGHTMAP_OFF DIRLIGHTMAP_OFF DYNAMICLIGHTMAP_OFF pd= ok=1
Cmd: compileSnippet
  api=4 type=0 insize=5162 outsize=6701 kw=DIRECTIONAL pd= ok=1
Cmd: compileSnippet
  api=4 type=1 insize=5162 outsize=3224 kw=DIRECTIONAL pd= ok=1
Cmd: compileSnippet
  api=4 type=0 insize=1490 outsize=1518 kw= pd= ok=1
Cmd: compileSnippet
  api=4 type=1 insize=1490 outsize=1258 kw= pd= ok=1
Cmd: compileSnippet
  api=4 type=0 insize=1474 outsize=1518 kw= pd= ok=1
Cmd: compileSnippet
  api=4 type=1 insize=1474 outsize=1258 kw= pd= ok=1
Cmd: compileSnippet
  api=4 type=0 insize=1474 outsize=1518 kw= pd= ok=1
Cmd: compileSnippet
  api=4 type=1 insize=1474 outsize=1258 kw= pd= ok=1
Cmd: compileSnippet
  api=4 type=0 insize=1490 outsize=1518 kw= pd= ok=1
Cmd: compileSnippet
  api=4 type=1 insize=1490 outsize=1258 kw= pd= ok=1
Cmd: compileSnippet
  api=4 type=0 insize=1442 outsize=1518 kw= pd= ok=1
Cmd: compileSnippet
  api=4 type=1 insize=1442 outsize=1258 kw= pd= ok=1
Cmd: compileSnippet
  api=4 type=0 insize=1474 outsize=1518 kw= pd= ok=1
Cmd: compileSnippet
  api=4 type=1 insize=1474 outsize=1258 kw= pd= ok=1
Cmd: compileSnippet
  api=4 type=0 insize=3588 outsize=2753 kw=DIRECTIONAL pd= ok=1
Cmd: compileSnippet
  api=4 type=1 insize=3588 outsize=1168 kw=DIRECTIONAL pd= ok=1
Cmd: compileSnippet
  api=4 type=0 insize=3065 outsize=6425 kw=SHADOWS_DEPTH pd= ok=1
Cmd: compileSnippet
  api=4 type=1 insize=3065 outsize=526 kw=SHADOWS_DEPTH pd= ok=1
Cmd: compileSnippet
  api=4 type=0 insize=7519 outsize=7619 kw=DIRECTIONAL SHADOWS_OFF LIGHTMAP_OFF DIRLIGHTMAP_OFF DYNAMICLIGHTMAP_OFF pd= ok=1
Cmd: compileSnippet
  api=4 type=1 insize=7519 outsize=3362 kw=DIRECTIONAL SHADOWS_OFF LIGHTMAP_OFF DIRLIGHTMAP_OFF DYNAMICLIGHTMAP_OFF pd= ok=1
Cmd: compileSnippet
  api=4 type=0 insize=5087 outsize=6701 kw=DIRECTIONAL pd= ok=1
Cmd: compileSnippet
  api=4 type=1 insize=5087 outsize=3167 kw=DIRECTIONAL pd= ok=1
Cmd: compileSnippet
  api=4 type=0 insize=69092 outsize=4849 kw=DIRECTIONAL SHADOWS_OFF LIGHTMAP_ON DIRLIGHTMAP_COMBINED DYNAMICLIGHTMAP_ON _TERRAIN_NORMAL_MAP pd= ok=1
Cmd: compileSnippet
  api=4 type=1 insize=69092 outsize=11259 kw=DIRECTIONAL SHADOWS_OFF LIGHTMAP_ON DIRLIGHTMAP_COMBINED DYNAMICLIGHTMAP_ON _TERRAIN_NORMAL_MAP pd= ok=1
Cmd: compileSnippet
  api=4 type=0 insize=7335 outsize=4378 kw=DIRECTIONAL SHADOWS_OFF LIGHTMAP_ON DIRLIGHTMAP_COMBINED DYNAMICLIGHTMAP_ON pd= ok=1
Cmd: compileSnippet
  api=4 type=1 insize=7335 outsize=8391 kw=DIRECTIONAL SHADOWS_OFF LIGHTMAP_ON DIRLIGHTMAP_COMBINED DYNAMICLIGHTMAP_ON pd= ok=1
Cmd: compileSnippet
  api=4 type=0 insize=69092 outsize=5239 kw=DIRECTIONAL SHADOWS_SCREEN LIGHTMAP_ON DIRLIGHTMAP_COMBINED DYNAMICLIGHTMAP_ON _TERRAIN_NORMAL_MAP pd= ok=1
Cmd: compileSnippet
  api=4 type=1 insize=69092 outsize=11747 kw=DIRECTIONAL SHADOWS_SCREEN LIGHTMAP_ON DIRLIGHTMAP_COMBINED DYNAMICLIGHTMAP_ON _TERRAIN_NORMAL_MAP pd= ok=1
